<?xml version="1.0" encoding="UTF-8"?>
<testsuite name="practical1.NumberToolsTest" tests="2" skipped="0" failures="0" errors="0" timestamp="2024-11-08T14:59:22" hostname="LAPTOP-FAP9QGEA" time="0.029">
  <properties/>
  <testcase name="testParse" classname="practical1.NumberToolsTest" time="0.009"/>
  <testcase name="testComputeStatistic" classname="practical1.NumberToolsTest" time="0.02"/>
  <system-out><![CDATA[]]></system-out>
  <system-err><![CDATA[]]></system-err>
</testsuite>
